Compiled jquery.js  (3ms)  (pid 6032)
Compiled jquery_ujs.js  (0ms)  (pid 6032)
Compiled bootstrap-transition.js  (0ms)  (pid 6032)
Compiled bootstrap-affix.js  (0ms)  (pid 6032)
Compiled bootstrap-alert.js  (0ms)  (pid 6032)
Compiled bootstrap-button.js  (0ms)  (pid 6032)
Compiled bootstrap-carousel.js  (1ms)  (pid 6032)
Compiled bootstrap-collapse.js  (0ms)  (pid 6032)
Compiled bootstrap-dropdown.js  (1ms)  (pid 6032)
Compiled bootstrap-modal.js  (1ms)  (pid 6032)
Compiled bootstrap-scrollspy.js  (1ms)  (pid 6032)
Compiled bootstrap-tab.js  (1ms)  (pid 6032)
Compiled bootstrap-tooltip.js  (0ms)  (pid 6032)
Compiled bootstrap-popover.js  (0ms)  (pid 6032)
Compiled bootstrap-typeahead.js  (1ms)  (pid 6032)
Compiled bootstrap.js  (279ms)  (pid 6032)
Compiled jquery.backgroundSize.js  (1ms)  (pid 6032)
Compiled jquery.easing.min.js  (1ms)  (pid 6032)
Compiled jquery.event.special.js  (0ms)  (pid 6032)
Compiled jquery.masonry.min.js  (0ms)  (pid 6032)
Compiled jquery.scrollsnap.js  (0ms)  (pid 6032)
Compiled application.js  (389ms)  (pid 6032)
Compiled about.css  (96ms)  (pid 6032)
Compiled custom.css  (16ms)  (pid 6032)
Compiled footer.css  (9ms)  (pid 6032)
Compiled header.css  (33ms)  (pid 6032)
Compiled homepage.css  (38ms)  (pid 6032)
Compiled post_single.css  (27ms)  (pid 6032)
Compiled posts.css  (4ms)  (pid 6032)
Compiled sessions.css  (2ms)  (pid 6032)
Compiled static_pages.css  (2ms)  (pid 6032)
Compiled user.css  (4ms)  (pid 6032)
Compiled application.css  (373ms)  (pid 6032)
Compiled jquery.js  (3ms)  (pid 6032)
Compiled jquery_ujs.js  (0ms)  (pid 6032)
Compiled bootstrap-transition.js  (0ms)  (pid 6032)
Compiled bootstrap-affix.js  (0ms)  (pid 6032)
Compiled bootstrap-alert.js  (0ms)  (pid 6032)
Compiled bootstrap-button.js  (1ms)  (pid 6032)
Compiled bootstrap-carousel.js  (0ms)  (pid 6032)
Compiled bootstrap-collapse.js  (1ms)  (pid 6032)
Compiled bootstrap-dropdown.js  (1ms)  (pid 6032)
Compiled bootstrap-modal.js  (1ms)  (pid 6032)
Compiled bootstrap-scrollspy.js  (1ms)  (pid 6032)
Compiled bootstrap-tab.js  (0ms)  (pid 6032)
Compiled bootstrap-tooltip.js  (1ms)  (pid 6032)
Compiled bootstrap-popover.js  (0ms)  (pid 6032)
Compiled bootstrap-typeahead.js  (1ms)  (pid 6032)
Compiled bootstrap.js  (235ms)  (pid 6032)
Compiled jquery.backgroundSize.js  (0ms)  (pid 6032)
Compiled jquery.easing.min.js  (1ms)  (pid 6032)
Compiled jquery.event.special.js  (0ms)  (pid 6032)
Compiled jquery.masonry.min.js  (0ms)  (pid 6032)
Compiled jquery.scrollsnap.js  (0ms)  (pid 6032)
Compiled application.js  (423ms)  (pid 6032)
Compiled about.css  (102ms)  (pid 6032)
Compiled custom.css  (11ms)  (pid 6032)
Compiled footer.css  (6ms)  (pid 6032)
Compiled header.css  (47ms)  (pid 6032)
Compiled homepage.css  (66ms)  (pid 6032)
Compiled post_single.css  (28ms)  (pid 6032)
Compiled posts.css  (6ms)  (pid 6032)
Compiled sessions.css  (2ms)  (pid 6032)
Compiled static_pages.css  (2ms)  (pid 6032)
Compiled user.css  (3ms)  (pid 6032)
Compiled application.css  (432ms)  (pid 6032)
